make all --print-data-base --no-builtin-variables --no-builtin-rules --question
# GNU Make 4.2.1
 
# Built for x86_64-pc-linux-gnu
 
# Copyright (C) 1988-2016 Free Software Foundation, Inc.
 
# License GPLv3+: GNU GPL version 3 or later <http://gnu.org/licenses/gpl.html>
 
# This is free software: you are free to change and redistribute it.
 
# There is NO WARRANTY, to the extent permitted by law.
 

 
# Make data base, printed on Sat Jul  9 13:11:16 2022
 

# Variables
 

 
# automatic
 
<D = $(patsubst %/,%,$(dir $<))
 
# automatic
 
?F = $(notdir $?)
 
# default
 
.SHELLFLAGS := -c
 
# environment
 
XDG_SESSION_CLASS = user
# environment
VSCODE_AGENT_FOLDER = /root/.vscode-server
# environment
XDG_SESSION_TYPE = tty
# automatic
?D = $(patsubst %/,%,$(dir $?))
# automatic
@D = $(patsubst %/,%,$(dir $@))
# automatic
@F = $(notdir $@)
# default
MAKE_VERSION := 4.2.1
# makefile
CURDIR := /root/6.824
# makefile
SHELL = /bin/sh
# environment
VSCODE_NLS_CONFIG = {"locale":"zh-cn","availableLanguages":{}}
# environment
_ = /root/.vscode-server/bin/92d25e35d9bf1a6b16f7d0758f25d48ace11e5b9/node
# makefile (from 'Makefile', line 1)
MAKEFILE_LIST :=  Makefile
# 'override' directive
GNUMAKEFLAGS := 
# environment
DBUS_SESSION_BUS_ADDRESS = unix:path=/run/user/0/bus
# environment
LESSOPEN = | /usr/bin/lesspipe %s
# environment
VSCODE_CWD = /root
# environment
SSH_CONNECTION = 124.205.76.225 13631 172.16.178.207 22
# environment
PATH = /usr/local/go/bin:/root/.vscode-server/bin/92d25e35d9bf1a6b16f7d0758f25d48ace11e5b9/bin/remote-cli:/home/acs/.homework:/usr/local/sbin:/usr/local/bin:/usr/sbin:/usr/bin:/sbin:/bin:/usr/games:/usr/local/games:/snap/bin
# environment
XDG_RUNTIME_DIR = /run/user/0
# environment
GOPATH = /root/go
# environment
ELECTRON_RUN_AS_NODE = 1
# environment
VSCODE_IPC_HOOK_CLI = /run/user/0/vscode-ipc-f4ee266f-dfef-454a-b84e-2700e7352481.sock
# default
.FEATURES := target-specific order-only second-expansion else-if shortest-stem undefine oneshell archives jobserver output-sync check-symlink load
# environment
LS_COLORS = 
# automatic
%F = $(notdir $%)
# environment
PWD = /root/6.824
# default
.LOADED := 
# automatic
*D = $(patsubst %/,%,$(dir $*))
# environment
VSCODE_AMD_ENTRYPOINT = vs/workbench/api/node/extensionHostProcess
# environment
HOME = /root
# environment
LESSCLOSE = /usr/bin/lesspipe %s %s
# environment
LOGNAME = root
# environment
APPLICATION_INSIGHTS_NO_DIAGNOSTIC_CHANNEL = true
# automatic
+F = $(notdir $+)
# environment
VSCODE_HANDLES_UNCAUGHT_ERRORS = true
# automatic
^D = $(patsubst %/,%,$(dir $^))
# environment
MAKELEVEL := 0
# default
MAKE = $(MAKE_COMMAND)
# default
MAKECMDGOALS := all
# environment
SHLVL = 0
# environment
XDG_SESSION_ID = 10413
# environment
USER = root
# makefile
.DEFAULT_GOAL := 
# environment
GOROOT = /usr/local/go
# automatic
%D = $(patsubst %/,%,$(dir $%))
# default
MAKE_COMMAND := make
# environment
OLDPWD = /root/.vscode-server/bin/92d25e35d9bf1a6b16f7d0758f25d48ace11e5b9
# default
.VARIABLES := 
# automatic
*F = $(notdir $*)
# makefile
MAKEFLAGS = pqrR
# environment
MFLAGS = -pqrR
# environment
SSH_CLIENT = 124.205.76.225 13631 22
# automatic
+D = $(patsubst %/,%,$(dir $+))
# environment
BROWSER = /root/.vscode-server/bin/92d25e35d9bf1a6b16f7d0758f25d48ace11e5b9/bin/helpers/browser.sh
# environment
VSCODE_HANDLES_SIGPIPE = true
# default
MAKEFILES := 
# automatic
<F = $(notdir $<)
# environment
LC_ALL = C
# automatic
^F = $(notdir $^)
# default
SUFFIXES := 
# default
.INCLUDE_DIRS = /usr/include /usr/local/include /usr/include
# default
.RECIPEPREFIX := 
# default
MAKE_HOST := x86_64-pc-linux-gnu
# environment
LANG = C
# environment
MOTD_SHOWN = pam
# makefile (from 'Makefile', line 6)
LABS = " lab1 lab2a lab2b lab2c lab3a lab3b lab4a lab4b "
# variable set hash-table stats:
# Load=69/1024=7%, Rehash=0, Collisions=9/96=9%

# Pattern-specific Variable Values

# No pattern-specific variable values.

# Directories

# . (device 64513, inode 656225): 8 files, no impossibilities.

# 8 files, no impossibilities in 1 directories.

# Implicit Rules

%: check-%
#  recipe to execute (from 'Makefile', line 9):
	@echo "Preparing $@-handin.tar.gz"
	@if echo $(LABS) | grep -q " $@ " ; then \
		echo "Tarring up your submission..." ; \
		tar cvzf $@-handin.tar.gz \
			"--exclude=src/main/pg-*.txt" \
			"--exclude=src/main/diskvd" \
			"--exclude=src/mapreduce/824-mrinput-*.txt" \
			"--exclude=src/main/mr-*" \
			"--exclude=mrtmp.*" \
			"--exclude=src/main/diff.out" \
			"--exclude=src/main/mrmaster" \
			"--exclude=src/main/mrsequential" \
			"--exclude=src/main/mrworker" \
			"--exclude=*.so" \
			Makefile src; \
		if ! test -e api.key ; then \
			echo "Missing $(PWD)/api.key. Please create the file with your key in it or submit the $@-handin.tar.gz via the web interface."; \
		else \
			echo "Are you sure you want to submit $@? Enter 'yes' to continue:"; \
			read line; \
			if test "$$line" != "yes" ; then echo "Giving up submission"; exit; fi; \
			if test `stat -c "%s" "$@-handin.tar.gz" 2>/dev/null || stat -f "%z" "$@-handin.tar.gz"` -ge 20971520 ; then echo "File exceeds 20MB."; exit; fi; \
			mv api.key api.key.fix ; \
			cat api.key.fix | tr -d '\n' > api.key ; \
			rm api.key.fix ; \
			curl -F file=@$@-handin.tar.gz -F "key=<api.key" \
			https://6824.scripts.mit.edu/2020/handin.py/upload > /dev/null || { \
				echo ; \
				echo "Submit seems to have failed."; \
				echo "Please upload the tarball manually on the submission website."; } \
		fi; \
	else \
		echo "Bad target $@. Usage: make [$(LABS)]"; \
	fi

check-%:
#  recipe to execute (from 'Makefile', line 46):
	@echo "Checking that your submission builds correctly..."
	@./.check-build git://g.csail.mit.edu/6.824-golabs-2020 $(patsubst check-%,%,$@)

# 2 implicit rules, 0 (0.0%) terminal.

# Files

check-Makefile:
#  Implicit rule search has been done.
#  Implicit/static pattern stem: 'Makefile'
#  File is an intermediate prerequisite.
#  File does not exist.
#  File has not been updated.
#  recipe to execute (from 'Makefile', line 46):
	@echo "Checking that your submission builds correctly..."
	@./.check-build git://g.csail.mit.edu/6.824-golabs-2020 $(patsubst check-%,%,$@)

all: check-all
#  Command line target.
#  Implicit rule search has been done.
#  Implicit/static pattern stem: 'all'
#  File does not exist.
#  File has been updated.
#  Needs to be updated (-q is set).
# variable set hash-table stats:
# Load=0/32=0%, Rehash=0, Collisions=0/3=0%
#  recipe to execute (from 'Makefile', line 9):
	@echo "Preparing $@-handin.tar.gz"
	@if echo $(LABS) | grep -q " $@ " ; then \
		echo "Tarring up your submission..." ; \
		tar cvzf $@-handin.tar.gz \
			"--exclude=src/main/pg-*.txt" \
			"--exclude=src/main/diskvd" \
			"--exclude=src/mapreduce/824-mrinput-*.txt" \
			"--exclude=src/main/mr-*" \
			"--exclude=mrtmp.*" \
			"--exclude=src/main/diff.out" \
			"--exclude=src/main/mrmaster" \
			"--exclude=src/main/mrsequential" \
			"--exclude=src/main/mrworker" \
			"--exclude=*.so" \
			Makefile src; \
		if ! test -e api.key ; then \
			echo "Missing $(PWD)/api.key. Please create the file with your key in it or submit the $@-handin.tar.gz via the web interface."; \
		else \
			echo "Are you sure you want to submit $@? Enter 'yes' to continue:"; \
			read line; \
			if test "$$line" != "yes" ; then echo "Giving up submission"; exit; fi; \
			if test `stat -c "%s" "$@-handin.tar.gz" 2>/dev/null || stat -f "%z" "$@-handin.tar.gz"` -ge 20971520 ; then echo "File exceeds 20MB."; exit; fi; \
			mv api.key api.key.fix ; \
			cat api.key.fix | tr -d '\n' > api.key ; \
			rm api.key.fix ; \
			curl -F file=@$@-handin.tar.gz -F "key=<api.key" \
			https://6824.scripts.mit.edu/2020/handin.py/upload > /dev/null || { \
				echo ; \
				echo "Submit seems to have failed."; \
				echo "Please upload the tarball manually on the submission website."; } \
		fi; \
	else \
		echo "Bad target $@. Usage: make [$(LABS)]"; \
	fi

.PHONY: check-%
#  Implicit rule search has not been done.
#  Modification time never checked.
#  File has not been updated.

check-%:
#  Phony target (prerequisite of .PHONY).
#  Implicit rule search has not been done.
#  File does not exist.
#  File has not been updated.

Makefile: check-Makefile
#  Implicit rule search has been done.
#  Implicit/static pattern stem: 'Makefile'
#  Last modified 2022-06-23 17:49:54.364069034
#  File has been updated.
#  Successfully updated.
#  recipe to execute (from 'Makefile', line 9):
	@echo "Preparing $@-handin.tar.gz"
	@if echo $(LABS) | grep -q " $@ " ; then \
		echo "Tarring up your submission..." ; \
		tar cvzf $@-handin.tar.gz \
			"--exclude=src/main/pg-*.txt" \
			"--exclude=src/main/diskvd" \
			"--exclude=src/mapreduce/824-mrinput-*.txt" \
			"--exclude=src/main/mr-*" \
			"--exclude=mrtmp.*" \
			"--exclude=src/main/diff.out" \
			"--exclude=src/main/mrmaster" \
			"--exclude=src/main/mrsequential" \
			"--exclude=src/main/mrworker" \
			"--exclude=*.so" \
			Makefile src; \
		if ! test -e api.key ; then \
			echo "Missing $(PWD)/api.key. Please create the file with your key in it or submit the $@-handin.tar.gz via the web interface."; \
		else \
			echo "Are you sure you want to submit $@? Enter 'yes' to continue:"; \
			read line; \
			if test "$$line" != "yes" ; then echo "Giving up submission"; exit; fi; \
			if test `stat -c "%s" "$@-handin.tar.gz" 2>/dev/null || stat -f "%z" "$@-handin.tar.gz"` -ge 20971520 ; then echo "File exceeds 20MB."; exit; fi; \
			mv api.key api.key.fix ; \
			cat api.key.fix | tr -d '\n' > api.key ; \
			rm api.key.fix ; \
			curl -F file=@$@-handin.tar.gz -F "key=<api.key" \
			https://6824.scripts.mit.edu/2020/handin.py/upload > /dev/null || { \
				echo ; \
				echo "Submit seems to have failed."; \
				echo "Please upload the tarball manually on the submission website."; } \
		fi; \
	else \
		echo "Bad target $@. Usage: make [$(LABS)]"; \
	fi

# Not a target:
.DEFAULT:
#  Implicit rule search has not been done.
#  Modification time never checked.
#  File has not been updated.

check-all:
#  Implicit rule search has been done.
#  Implicit/static pattern stem: 'all'
#  File is an intermediate prerequisite.
#  File does not exist.
#  File has been updated.
#  Needs to be updated (-q is set).
# automatic
# @ := check-all
# automatic
# % := 
# automatic
# * := all
# automatic
# + := 
# automatic
# | := 
# automatic
# < := 
# automatic
# ^ := 
# automatic
# ? := 
# variable set hash-table stats:
# Load=8/32=25%, Rehash=0, Collisions=1/12=8%
#  recipe to execute (from 'Makefile', line 46):
	@echo "Checking that your submission builds correctly..."
	@./.check-build git://g.csail.mit.edu/6.824-golabs-2020 $(patsubst check-%,%,$@)

# files hash-table stats:
# Load=8/1024=1%, Rehash=0, Collisions=0/33=0%
# VPATH Search Paths

# No 'vpath' search paths.

# No general ('VPATH' variable) search path.

# strcache buffers: 1 (0) / strings = 18 / storage = 152 B / avg = 8 B
# current buf: size = 8162 B / used = 152 B / count = 18 / avg = 8 B

# strcache performance: lookups = 33 / hit rate = 45%
# hash-table stats:
# Load=18/8192=0%, Rehash=0, Collisions=1/33=3%
# Finished Make data base on Sat Jul  9 13:11:16 2022

 
